[1] "11 Possible Outlier(s):"
[1] "cut_off_residual:  10.1868742603078"
        Transitions
HK<->CN          69
US<->HK          27
JP<->CN          26
US<->GB          20
US<->JP          19
US<->AU          18
US<->BR          18
MY<->HK          18
US<->AR          17
US<->CN          16
JP<->HK          16

Call:
lm(formula = transitions ~ distances)

Residuals:
   Min     1Q Median     3Q    Max 
-5.848 -2.654 -1.096  0.794 62.351 

Coefficients:
            Estimate Std. Error t value Pr(>|t|)    
(Intercept)    8.685      1.160   7.485 1.89e-12 ***
distances     -1.087      0.234  -4.648 5.88e-06 ***
---
Signif. codes:  0 ‘***’ 0.001 ‘**’ 0.01 ‘*’ 0.05 ‘.’ 0.1 ‘ ’ 1

Residual standard error: 6.045 on 212 degrees of freedom
Multiple R-squared:  0.09249,	Adjusted R-squared:  0.08821 
F-statistic: 21.61 on 1 and 212 DF,  p-value: 5.879e-06

