[1] "13 Possible Outlier(s):"
[1] "cut_off_residual:  6.60138827845359"
        Transitions
HK<->CN          54
JP<->CN          18
US<->AU          16
US<->GB          14
NZ<->AU          13
US<->CN          13
KR<->CN          12
US<->JP          12
US<->AR          11
US<->BR          11
US<->HK          11
CN<->AU          10
JP<->AU          10

Call:
lm(formula = transitions ~ distances)

Residuals:
   Min     1Q Median     3Q    Max 
-2.302 -1.783 -1.189  0.219 50.745 

Coefficients:
              Estimate Std. Error t value Pr(>|t|)    
(Intercept)  3.328e+00  4.792e-01   6.945 3.07e-11 ***
distances   -7.056e-05  5.203e-05  -1.356    0.176    
---
Signif. codes:  0 ‘***’ 0.001 ‘**’ 0.01 ‘*’ 0.05 ‘.’ 0.1 ‘ ’ 1

Residual standard error: 4.235 on 258 degrees of freedom
Multiple R-squared:  0.007078,	Adjusted R-squared:  0.00323 
F-statistic: 1.839 on 1 and 258 DF,  p-value: 0.1762

